<?xml version="1.0" encoding="UTF-8"?>
<!-- Generated by org.testng.reporters.JUnitReportReporter -->
<testsuite skipped="0" hostname="Srida-PC" name="com.org.MavenProject.MavenTest.SampleMavenTest" tests="1" failures="0" timestamp="14 Jul 2017 03:59:51 GMT" time="5.497" errors="0">
  <testcase name="test" time="5.497" classname="com.org.MavenProject.MavenTest.SampleMavenTest"/>
</testsuite> <!-- com.org.MavenProject.MavenTest.SampleMavenTest -->
