<?xml version="1.0" encoding="UTF-8"?>
<!-- Generated by org.testng.reporters.JUnitReportReporter -->
<testsuite skipped="0" hostname="Srida-PC" name="example.SampleMavenTest3" tests="1" failures="0" timestamp="14 Jul 2017 03:59:51 GMT" time="9.523" errors="0">
  <testcase name="test3" time="9.523" classname="example.SampleMavenTest3"/>
</testsuite> <!-- example.SampleMavenTest3 -->
